
> hpe-document-creator-frontend@0.1.0 dev
> next dev --turbopack

 ⚠ Warning: Found multiple lockfiles. Selecting /home/labadmin/package-lock.json.
   Consider removing the lockfiles at:
   * /home/labadmin/document-creator-app/hpe-document-creator-frontend/package-lock.json

   ▲ Next.js 15.4.6 (Turbopack)
   - Local:        http://localhost:3000
   - Network:      http://10.203.96.173:3000
   - Environments: .env.local

 ✓ Starting...
 ✓ Compiled middleware in 330ms
 ✓ Ready in 1828ms
 ○ Compiling /dashboard/user/create-document ...
 ✓ Compiled /dashboard/user/create-document in 8.9s
 GET /dashboard/user/create-document 200 in 9878ms
 ⚠ Cross origin request detected from 10.203.96.173 to /_next/* resource. In a future major version of Next.js, you will need to explicitly configure "allowedDevOrigins" in next.config to allow this.
Read more: https://nextjs.org/docs/app/api-reference/config/next-config-js/allowedDevOrigins
 ○ Compiling /favicon.ico ...
 ✓ Compiled /favicon.ico in 533ms
 GET /favicon.ico?favicon.45db1c09.ico 200 in 850ms
 ○ Compiling /dashboard/user ...
 ✓ Compiled /dashboard/user in 1108ms
 GET /dashboard/user 200 in 1172ms
 ○ Compiling /auth/login ...
 ✓ Compiled /auth/login in 3.1s
 GET /auth/login 200 in 3277ms
 GET /auth/login 200 in 1436ms
 GET /favicon.ico?favicon.45db1c09.ico 200 in 231ms
